17:26:25.777 interactiveRect set: {X=74,Y=0,Width=152,Height=28}
17:26:25.778 cursor=626,508 win=0,0 iRect={X=74,Y=0,Width=152,Height=28} sRect={X=74,Y=0,Width=152,Height=28} in=False pass=True
17:26:28.918 interactiveRect set: {X=629,Y=0,Width=152,Height=28}
17:26:29.668 cursor=815,285 win=63,23 iRect={X=629,Y=0,Width=152,Height=28} sRect={X=692,Y=23,Width=152,Height=28} in=False pass=True
17:26:30.449 interactiveRect set: {X=476,Y=0,Width=152,Height=28}
17:26:33.483 cursor=823,119 win=216,109 iRect={X=476,Y=0,Width=152,Height=28} sRect={X=692,Y=109,Width=152,Height=28} in=True pass=False
17:26:37.232 cursor=818,123 win=216,109 iRect={X=476,Y=0,Width=152,Height=28} sRect={X=692,Y=109,Width=152,Height=28} in=True pass=False
17:26:41.029 cursor=1389,93 win=216,109 iRect={X=476,Y=0,Width=152,Height=28} sRect={X=692,Y=109,Width=152,Height=28} in=False pass=True
17:26:44.852 cursor=731,123 win=216,109 iRect={X=476,Y=0,Width=152,Height=28} sRect={X=692,Y=109,Width=152,Height=28} in=True pass=False
17:26:48.603 cursor=740,127 win=216,109 iRect={X=476,Y=0,Width=152,Height=28} sRect={X=692,Y=109,Width=152,Height=28} in=True pass=False
17:26:52.362 cursor=1328,137 win=216,109 iRect={X=476,Y=0,Width=152,Height=28} sRect={X=692,Y=109,Width=152,Height=28} in=False pass=True
17:28:25.766 cursor=683,457 win=216,109 iRect={X=0,Y=0,Width=0,Height=0} sRect={X=216,Y=109,Width=0,Height=0} in=False pass=True
17:28:25.782 interactiveRect set: {X=476,Y=0,Width=152,Height=28}
17:28:26.380 interactiveRect set: {X=375,Y=0,Width=354,Height=49}
17:28:27.650 interactiveRect set: {X=476,Y=0,Width=152,Height=28}
17:28:28.510 interactiveRect set: {X=629,Y=0,Width=152,Height=28}
17:28:29.641 cursor=1508,15 win=63,23 iRect={X=629,Y=0,Width=152,Height=28} sRect={X=692,Y=23,Width=152,Height=28} in=False pass=True
17:28:34.174 interactiveRect set: {X=74,Y=0,Width=152,Height=28}
17:28:34.188 cursor=497,516 win=0,0 iRect={X=74,Y=0,Width=152,Height=28} sRect={X=74,Y=0,Width=152,Height=28} in=False pass=True
17:28:36.660 interactiveRect set: {X=629,Y=0,Width=152,Height=28}
17:28:38.015 cursor=799,35 win=63,23 iRect={X=629,Y=0,Width=152,Height=28} sRect={X=692,Y=23,Width=152,Height=28} in=True pass=False
17:28:38.068 interactiveRect set: {X=527,Y=0,Width=354,Height=49}
17:28:39.059 interactiveRect set: {X=629,Y=0,Width=152,Height=28}
17:28:39.366 interactiveRect set: {X=527,Y=0,Width=354,Height=49}
17:28:41.101 interactiveRect set: {X=629,Y=0,Width=152,Height=28}
17:28:41.432 interactiveRect set: {X=527,Y=0,Width=354,Height=49}
17:28:41.772 interactiveRect set: {X=527,Y=0,Width=354,Height=49}
17:28:41.803 cursor=815,74 win=63,23 iRect={X=527,Y=0,Width=354,Height=49} sRect={X=590,Y=23,Width=354,Height=49} in=False pass=True
17:28:42.308 interactiveRect set: {X=629,Y=0,Width=152,Height=28}
17:28:43.945 interactiveRect set: {X=527,Y=0,Width=354,Height=49}
17:28:45.570 cursor=823,24 win=63,23 iRect={X=527,Y=0,Width=354,Height=49} sRect={X=590,Y=23,Width=354,Height=49} in=True pass=False
17:28:47.307 interactiveRect set: {X=629,Y=0,Width=152,Height=28}
17:28:47.655 interactiveRect set: {X=527,Y=0,Width=354,Height=70}
17:28:47.904 interactiveRect set: {X=527,Y=0,Width=354,Height=70}
17:28:49.171 interactiveRect set: {X=591,Y=0,Width=354,Height=70}
17:28:49.425 cursor=796,61 win=0,0 iRect={X=591,Y=0,Width=354,Height=70} sRect={X=591,Y=0,Width=354,Height=70} in=True pass=False
17:28:50.801 interactiveRect set: {X=591,Y=0,Width=354,Height=70}
17:28:50.803 interactiveRect set: {X=527,Y=0,Width=354,Height=70}
17:28:51.828 interactiveRect set: {X=629,Y=0,Width=152,Height=49}
17:28:53.306 cursor=742,25 win=63,23 iRect={X=629,Y=0,Width=152,Height=49} sRect={X=692,Y=23,Width=152,Height=49} in=True pass=True
17:28:53.314 interactiveRect set: {X=527,Y=0,Width=354,Height=70}
17:28:54.863 interactiveRect set: {X=629,Y=0,Width=152,Height=49}
17:28:55.418 interactiveRect set: {X=527,Y=0,Width=354,Height=70}
17:28:55.668 interactiveRect set: {X=527,Y=0,Width=354,Height=70}
17:28:56.315 interactiveRect set: {X=629,Y=0,Width=152,Height=49}
17:28:57.057 cursor=821,82 win=63,23 iRect={X=629,Y=0,Width=152,Height=49} sRect={X=692,Y=23,Width=152,Height=49} in=False pass=True
17:28:57.099 interactiveRect set: {X=527,Y=0,Width=354,Height=70}
17:28:58.106 interactiveRect set: {X=629,Y=0,Width=152,Height=28}
17:28:58.918 interactiveRect set: {X=527,Y=0,Width=354,Height=49}
17:29:00.806 cursor=787,37 win=63,23 iRect={X=527,Y=0,Width=354,Height=49} sRect={X=590,Y=23,Width=354,Height=49} in=True pass=False
17:29:02.078 interactiveRect set: {X=629,Y=0,Width=152,Height=28}
17:29:03.294 interactiveRect set: {X=527,Y=0,Width=354,Height=49}
17:29:03.843 interactiveRect set: {X=629,Y=0,Width=152,Height=28}
17:29:04.282 interactiveRect set: {X=527,Y=0,Width=354,Height=49}
17:29:04.559 cursor=770,58 win=63,23 iRect={X=527,Y=0,Width=354,Height=49} sRect={X=590,Y=23,Width=354,Height=49} in=True pass=False
17:29:04.612 interactiveRect set: {X=527,Y=0,Width=354,Height=49}
17:29:08.316 cursor=770,47 win=63,23 iRect={X=527,Y=0,Width=354,Height=49} sRect={X=590,Y=23,Width=354,Height=49} in=True pass=False
17:29:12.105 cursor=764,40 win=63,23 iRect={X=527,Y=0,Width=354,Height=49} sRect={X=590,Y=23,Width=354,Height=49} in=True pass=False
17:29:13.675 interactiveRect set: {X=629,Y=0,Width=152,Height=28}
17:29:14.439 interactiveRect set: {X=527,Y=0,Width=354,Height=49}
17:29:15.855 cursor=766,42 win=63,23 iRect={X=527,Y=0,Width=354,Height=49} sRect={X=590,Y=23,Width=354,Height=49} in=True pass=False
17:29:18.065 interactiveRect set: {X=629,Y=0,Width=152,Height=28}
18:18:32.308 cursor=566,364 win=301,210 iRect={X=0,Y=0,Width=0,Height=0} sRect={X=301,Y=210,Width=0,Height=0} in=False pass=True
18:18:32.319 interactiveRect set: {X=476,Y=0,Width=152,Height=28}
18:18:44.956 cursor=690,364 win=0,0 iRect={X=0,Y=0,Width=0,Height=0} sRect={X=0,Y=0,Width=0,Height=0} in=False pass=True
18:18:44.959 interactiveRect set: {X=74,Y=0,Width=152,Height=28}
18:18:45.055 interactiveRect set: {X=476,Y=0,Width=152,Height=28}
18:18:48.621 interactiveRect set: {X=778,Y=0,Width=152,Height=28}
18:18:49.656 cursor=1036,300 win=0,40 iRect={X=778,Y=0,Width=152,Height=28} sRect={X=778,Y=40,Width=152,Height=28} in=False pass=True
18:18:53.415 cursor=1322,622 win=0,40 iRect={X=778,Y=0,Width=152,Height=28} sRect={X=778,Y=40,Width=152,Height=28} in=False pass=True
18:18:57.157 cursor=1174,640 win=0,40 iRect={X=778,Y=0,Width=152,Height=28} sRect={X=778,Y=40,Width=152,Height=28} in=False pass=True
18:34:12.861 cursor=931,1055 win=0,0 iRect={X=0,Y=0,Width=0,Height=0} sRect={X=0,Y=0,Width=0,Height=0} in=False pass=True
18:34:12.883 interactiveRect set: {X=74,Y=0,Width=152,Height=28}
18:34:13.773 interactiveRect set: {X=476,Y=0,Width=152,Height=28}
18:34:17.208 cursor=1234,727 win=301,210 iRect={X=476,Y=0,Width=152,Height=28} sRect={X=777,Y=210,Width=152,Height=28} in=False pass=True
18:34:20.954 cursor=1282,188 win=301,210 iRect={X=476,Y=0,Width=152,Height=28} sRect={X=777,Y=210,Width=152,Height=28} in=False pass=True
18:34:23.746 interactiveRect set: {X=375,Y=0,Width=354,Height=49}
18:34:24.649 interactiveRect set: {X=476,Y=0,Width=152,Height=28}
18:34:24.832 cursor=1110,428 win=165,193 iRect={X=476,Y=0,Width=152,Height=28} sRect={X=641,Y=193,Width=152,Height=28} in=False pass=True
18:34:28.605 cursor=1331,181 win=165,193 iRect={X=476,Y=0,Width=152,Height=28} sRect={X=641,Y=193,Width=152,Height=28} in=False pass=True
18:34:35.888 interactiveRect set: {X=74,Y=0,Width=152,Height=28}
18:34:35.894 cursor=669,342 win=0,0 iRect={X=74,Y=0,Width=152,Height=28} sRect={X=74,Y=0,Width=152,Height=28} in=False pass=True
18:34:38.933 interactiveRect set: {X=778,Y=0,Width=152,Height=28}
18:34:39.766 cursor=1108,293 win=0,40 iRect={X=778,Y=0,Width=152,Height=28} sRect={X=778,Y=40,Width=152,Height=28} in=False pass=True
18:34:40.314 interactiveRect set: {X=676,Y=0,Width=354,Height=49}
18:34:42.621 interactiveRect set: {X=778,Y=0,Width=152,Height=49}
18:34:43.528 cursor=906,677 win=0,40 iRect={X=778,Y=0,Width=152,Height=49} sRect={X=778,Y=40,Width=152,Height=49} in=False pass=True
18:34:47.268 cursor=987,681 win=0,40 iRect={X=778,Y=0,Width=152,Height=49} sRect={X=778,Y=40,Width=152,Height=49} in=False pass=True
18:34:51.019 cursor=1284,654 win=0,40 iRect={X=778,Y=0,Width=152,Height=49} sRect={X=778,Y=40,Width=152,Height=49} in=False pass=True
18:34:52.656 interactiveRect set: {X=676,Y=0,Width=354,Height=49}
18:34:54.537 interactiveRect set: {X=676,Y=0,Width=354,Height=49}
18:34:54.856 cursor=908,120 win=0,53 iRect={X=676,Y=0,Width=354,Height=49} sRect={X=676,Y=53,Width=354,Height=49} in=False pass=True
18:34:55.240 interactiveRect set: {X=778,Y=0,Width=152,Height=28}
18:34:55.580 interactiveRect set: {X=676,Y=0,Width=354,Height=49}
18:34:56.247 interactiveRect set: {X=676,Y=0,Width=354,Height=49}
18:34:56.747 interactiveRect set: {X=778,Y=0,Width=152,Height=28}
18:34:57.921 interactiveRect set: {X=676,Y=0,Width=354,Height=49}
18:34:58.106 interactiveRect set: {X=676,Y=0,Width=354,Height=49}
18:34:58.590 cursor=851,78 win=0,40 iRect={X=676,Y=0,Width=354,Height=49} sRect={X=676,Y=40,Width=354,Height=49} in=True pass=False
18:34:58.838 interactiveRect set: {X=676,Y=0,Width=354,Height=49}
18:34:59.579 interactiveRect set: {X=778,Y=0,Width=152,Height=28}
18:35:00.887 interactiveRect set: {X=676,Y=0,Width=354,Height=49}
18:35:02.365 cursor=748,89 win=0,53 iRect={X=676,Y=0,Width=354,Height=49} sRect={X=676,Y=53,Width=354,Height=49} in=True pass=False
18:35:41.826 interactiveRect set: {X=74,Y=0,Width=152,Height=28}
18:35:41.834 cursor=591,370 win=0,0 iRect={X=74,Y=0,Width=152,Height=28} sRect={X=74,Y=0,Width=152,Height=28} in=False pass=True
18:35:45.637 cursor=331,749 win=0,0 iRect={X=74,Y=0,Width=152,Height=28} sRect={X=74,Y=0,Width=152,Height=28} in=False pass=True
18:35:49.603 cursor=1360,133 win=255,152 iRect={X=74,Y=0,Width=152,Height=28} sRect={X=329,Y=152,Width=152,Height=28} in=False pass=True
18:35:49.883 interactiveRect set: {X=778,Y=0,Width=152,Height=28}
18:35:53.480 cursor=1241,340 win=0,40 iRect={X=778,Y=0,Width=152,Height=28} sRect={X=778,Y=40,Width=152,Height=28} in=False pass=True
18:35:56.839 interactiveRect set: {X=676,Y=0,Width=354,Height=49}
18:35:57.234 cursor=847,56 win=0,40 iRect={X=676,Y=0,Width=354,Height=49} sRect={X=676,Y=40,Width=354,Height=49} in=True pass=False
18:35:57.826 interactiveRect set: {X=778,Y=0,Width=152,Height=28}
18:36:00.988 cursor=1113,1041 win=0,40 iRect={X=778,Y=0,Width=152,Height=28} sRect={X=778,Y=40,Width=152,Height=28} in=False pass=True
18:47:20.986 cursor=630,373 win=301,210 iRect={X=0,Y=0,Width=0,Height=0} sRect={X=301,Y=210,Width=0,Height=0} in=False pass=True
18:47:21.031 interactiveRect set: {X=476,Y=0,Width=152,Height=28}
18:47:24.698 cursor=817,732 win=301,210 iRect={X=476,Y=0,Width=152,Height=28} sRect={X=777,Y=210,Width=152,Height=28} in=False pass=True
18:47:28.446 cursor=1065,559 win=301,210 iRect={X=476,Y=0,Width=152,Height=28} sRect={X=777,Y=210,Width=152,Height=28} in=False pass=True
18:47:29.383 interactiveRect set: {X=778,Y=0,Width=152,Height=28}
18:47:32.508 cursor=751,450 win=0,40 iRect={X=778,Y=0,Width=152,Height=28} sRect={X=778,Y=40,Width=152,Height=28} in=False pass=True
18:47:36.259 cursor=1294,582 win=0,40 iRect={X=778,Y=0,Width=152,Height=28} sRect={X=778,Y=40,Width=152,Height=28} in=False pass=True
18:47:40.007 cursor=779,195 win=0,40 iRect={X=778,Y=0,Width=152,Height=28} sRect={X=778,Y=40,Width=152,Height=28} in=False pass=True
18:47:40.104 interactiveRect set: {X=676,Y=0,Width=354,Height=49}
18:47:41.224 interactiveRect set: {X=778,Y=0,Width=152,Height=28}
18:47:43.244 interactiveRect set: {X=676,Y=0,Width=354,Height=49}
18:47:43.759 cursor=745,257 win=0,40 iRect={X=676,Y=0,Width=354,Height=49} sRect={X=676,Y=40,Width=354,Height=49} in=False pass=True
18:47:44.196 interactiveRect set: {X=778,Y=0,Width=152,Height=28}
18:47:45.389 interactiveRect set: {X=676,Y=0,Width=354,Height=49}
18:47:46.665 interactiveRect set: {X=778,Y=0,Width=152,Height=28}
18:47:47.204 interactiveRect set: {X=676,Y=0,Width=354,Height=49}
18:47:47.506 cursor=1317,95 win=0,40 iRect={X=676,Y=0,Width=354,Height=49} sRect={X=676,Y=40,Width=354,Height=49} in=False pass=False
18:47:47.971 interactiveRect set: {X=778,Y=0,Width=152,Height=28}
18:48:05.337 cursor=699,344 win=0,0 iRect={X=0,Y=0,Width=0,Height=0} sRect={X=0,Y=0,Width=0,Height=0} in=False pass=True
18:48:05.428 interactiveRect set: {X=74,Y=0,Width=152,Height=28}
18:48:05.430 interactiveRect set: {X=476,Y=0,Width=152,Height=28}
18:48:06.153 interactiveRect set: {X=375,Y=0,Width=354,Height=49}
18:48:06.998 interactiveRect set: {X=676,Y=0,Width=354,Height=49}
18:48:07.470 interactiveRect set: {X=778,Y=0,Width=152,Height=28}
18:48:09.084 cursor=904,506 win=0,53 iRect={X=778,Y=0,Width=152,Height=28} sRect={X=778,Y=53,Width=152,Height=28} in=False pass=True
18:48:09.454 interactiveRect set: {X=476,Y=0,Width=152,Height=28}
18:48:10.126 interactiveRect set: {X=375,Y=0,Width=354,Height=49}
18:48:10.993 interactiveRect set: {X=476,Y=0,Width=152,Height=28}
18:48:11.972 interactiveRect set: {X=375,Y=0,Width=354,Height=49}
18:48:12.455 interactiveRect set: {X=676,Y=0,Width=354,Height=49}
18:48:12.834 cursor=849,372 win=0,53 iRect={X=676,Y=0,Width=354,Height=49} sRect={X=676,Y=53,Width=354,Height=49} in=False pass=True
18:48:12.908 interactiveRect set: {X=778,Y=0,Width=152,Height=28}
18:48:14.546 interactiveRect set: {X=676,Y=0,Width=354,Height=49}
18:48:15.402 interactiveRect set: {X=778,Y=0,Width=152,Height=28}
18:48:16.287 interactiveRect set: {X=676,Y=0,Width=354,Height=49}
18:48:16.584 cursor=883,112 win=0,53 iRect={X=676,Y=0,Width=354,Height=49} sRect={X=676,Y=53,Width=354,Height=49} in=False pass=False
18:48:17.095 interactiveRect set: {X=778,Y=0,Width=152,Height=28}
18:48:19.585 interactiveRect set: {X=476,Y=0,Width=152,Height=49}
18:51:49.963 cursor=642,346 win=301,210 iRect={X=0,Y=0,Width=0,Height=0} sRect={X=301,Y=210,Width=0,Height=0} in=False pass=True
18:51:49.971 interactiveRect set: {X=476,Y=0,Width=152,Height=28}
18:51:52.783 interactiveRect set: {X=375,Y=0,Width=354,Height=49}
18:51:53.651 cursor=956,443 win=301,210 iRect={X=375,Y=0,Width=354,Height=49} sRect={X=676,Y=210,Width=354,Height=49} in=False pass=True
18:51:54.019 interactiveRect set: {X=476,Y=0,Width=152,Height=28}
18:51:55.318 interactiveRect set: {X=375,Y=0,Width=354,Height=49}
18:51:56.560 interactiveRect set: {X=476,Y=0,Width=152,Height=28}
18:51:56.642 interactiveRect set: {X=375,Y=0,Width=354,Height=49}
18:51:56.921 interactiveRect set: {X=375,Y=0,Width=354,Height=49}
18:51:57.401 cursor=957,511 win=301,210 iRect={X=375,Y=0,Width=354,Height=49} sRect={X=676,Y=210,Width=354,Height=49} in=False pass=True
18:51:57.526 interactiveRect set: {X=476,Y=0,Width=152,Height=28}
18:51:57.932 interactiveRect set: {X=375,Y=0,Width=354,Height=49}
18:51:58.325 interactiveRect set: {X=375,Y=0,Width=354,Height=49}
18:51:59.485 interactiveRect set: {X=476,Y=0,Width=152,Height=28}
18:52:00.725 interactiveRect set: {X=375,Y=0,Width=354,Height=49}
18:52:00.941 interactiveRect set: {X=375,Y=0,Width=354,Height=49}
18:52:01.151 cursor=940,255 win=301,210 iRect={X=375,Y=0,Width=354,Height=49} sRect={X=676,Y=210,Width=354,Height=49} in=True pass=False
18:52:01.656 interactiveRect set: {X=676,Y=0,Width=354,Height=49}
18:52:02.115 interactiveRect set: {X=778,Y=0,Width=152,Height=28}
18:52:04.616 interactiveRect set: {X=676,Y=0,Width=354,Height=49}
18:52:04.899 cursor=831,160 win=0,53 iRect={X=676,Y=0,Width=354,Height=49} sRect={X=676,Y=53,Width=354,Height=49} in=False pass=False
18:52:05.387 interactiveRect set: {X=778,Y=0,Width=152,Height=28}
18:52:07.552 interactiveRect set: {X=476,Y=0,Width=152,Height=28}
18:52:14.590 cursor=697,340 win=0,0 iRect={X=0,Y=0,Width=0,Height=0} sRect={X=0,Y=0,Width=0,Height=0} in=False pass=True
18:52:14.689 interactiveRect set: {X=74,Y=0,Width=152,Height=28}
18:52:14.692 interactiveRect set: {X=476,Y=0,Width=152,Height=28}
18:52:18.339 cursor=812,746 win=301,210 iRect={X=476,Y=0,Width=152,Height=28} sRect={X=777,Y=210,Width=152,Height=28} in=False pass=True
