12:30:53.880 [LogBatch] onLoad=[type Function]&messages=[InputCommandRuntimeConfigLoader] [INFO] 加载运行时配置: file:///C|/Program Files (x86)/Steam/steamapps/common/CRAZYFLASHER7StandAloneStarter/resources/data/config/InputCommandRuntimeConfig.xml|[BootstrapAS] handshake stage entered, _bootstrap=true server=true|[InputCommandRuntimeConfigLoader] [DEBUG] DFA.DefaultTimeout = 5|[InputCommandRuntimeConfigLoader] [DEBUG] DFA.DefaultFrameWindow = 15|[InputCommandRuntimeConfigLoader] [DEBUG] DFA.TimeoutBase = 3|[InputCommandRuntimeConfigLoader] [DEBUG] DFA.TimeoutFactor = 2|[InputCommandRuntimeConfigLoader] [DEBUG] HistoryBuffer.EventCapacity = 64|[InputCommandRuntimeConfigLoader] [DEBUG] HistoryBuffer.FrameCapacity = 30|[InputCommandRuntimeConfigLoader] [DEBUG] Sampler.DoubleTapWindow = 12|[InputCommandRuntimeConfigLoader] [DEBUG] Buffer.Tolerance = 5|[InputCommandRuntimeConfigLoader] [INFO] 已应用配置到 CommandDFA 静态字段|[InputCommandRuntimeConfigLoader] [INFO] 运行时配置加载并应用成功|[InputCommandListXMLLoader] [INFO] 加载 list.xml: file:///C|/Program Files (x86)/Steam/steamapps/common/CRAZYFLASHER7StandAloneStarter/resources/data/inputCommand/list.xml&frame=2
12:30:53.921 [LogBatch] onLoad=[type Function]&messages=[BootstrapAS] socket ready, firing handshake|[InputCommandListXMLLoader] [INFO] 解析到 3 个 CommandSet|[InputCommandListXMLLoader] [INFO] 加载 CommandSet [1/3]: barehand|[InputCommandSetXMLLoader] [INFO] 开始加载: file:///C|/Program Files (x86)/Steam/steamapps/common/CRAZYFLASHER7StandAloneStarter/resources/data/inputCommand/barehand.xml|[InputCommandSetXMLLoader] [INFO] 加载成功，耗时: 56ms|[InputCommandSetXMLLoader] [DEBUG] 解析 CommandSet: barehand (空手)|[InputCommandSetXMLLoader] [DEBUG]   命令: 波动拳 = ↘A|[InputCommandSetXMLLoader] [DEBUG]   命令: 诛杀步 = Shift+→|[InputCommandSetXMLLoader] [DEBUG]   命令: 后撤步 = Shift+←|[InputCommandSetXMLLoader] [DEBUG]   命令: 燃烧指节 = →B|[InputCommandSetXMLLoader] [DEBUG]   命令: 能量喷泉 = ↓B|[InputCommandSetXMLLoader] [DEBUG]   命令: 连环踢 = ↑A|[InputCommandSetXMLLoader] [DEBUG]   命令: 回旋踢 = ↓A|[InputCommandSetXMLLoader] [INFO] 解析完成: 7 个命令|[InputCommandListXMLLoader] [INFO] 加载 CommandSet [2/3]: lightWeapon|[InputCommandSetXMLLoader] [INFO] 开始加载: file:///C|/Program Files (x86)/Steam/steamapps/common/CRAZYFLASHER7StandAloneStarter/resources/data/inputCommand/light_weapon.xml&frame=4
12:30:53.969 [XmlSocket:D] Received DFA module=0 jsonLen=914
12:30:53.973 [LogBatch] onLoad=[type Function]&messages=[InputCommandSetXMLLoader] [INFO] 加载成功，耗时: 30ms|[InputCommandSetXMLLoader] [DEBUG] 解析 CommandSet: lightWeapon (轻武器)|[InputCommandSetXMLLoader] [DEBUG]   命令: 剑气释放 = ↘A|[InputCommandSetXMLLoader] [DEBUG]   命令: 贯穿突刺 = →→|[InputCommandSetXMLLoader] [DEBUG]   命令: 蓄力重劈 = Shift+↓A|[InputCommandSetXMLLoader] [DEBUG]   命令: 百万突刺 = Shift+→A|[InputCommandSetXMLLoader] [DEBUG]   命令: 幻影剑舞 = Shift+→C|[InputCommandSetXMLLoader] [DEBUG]   命令: 月光斩 = ↑A|[InputCommandSetXMLLoader] [DEBUG]   命令: 次元斩 = ↓C|[InputCommandSetXMLLoader] [DEBUG]   命令: 粉碎切割 = ↑C|[InputCommandSetXMLLoader] [DEBUG]   命令: 猎影十字 = ↙A|[InputCommandSetXMLLoader] [DEBUG]   命令: 十六夜月华 = ↖A|[InputCommandSetXMLLoader] [DEBUG]   命令: 见切 = Shift+←|[InputCommandSetXMLLoader] [INFO] 解析完成: 11 个命令|[InputCommandListXMLLoader] [INFO] 加载 CommandSet [3/3]: heavyWeapon|[InputCommandSetXMLLoader] [INFO] 开始加载: file:///C|/Program Files (x86)/Steam/steamapps/common/CRAZYFLASHER7StandAloneStarter/resources/data/inputCommand/heavy_weapon.xml&frame=5
12:30:53.992 [GameInput] loadModule: id=0 jsonLen=914
[GameInput] loadModule OK: id=0 alpha=18 states=12 names=8
12:30:53.992 [V8Runtime] GameInput module loaded: 0
12:30:53.992 [XmlSocket:D] Received DFA module=1 jsonLen=1397
12:30:53.993 [GameInput] loadModule: id=1 jsonLen=1397
[GameInput] loadModule OK: id=1 alpha=18 states=19 names=12
12:30:53.993 [V8Runtime] GameInput module loaded: 1
12:30:53.993 [XmlSocket:D] Received DFA module=2 jsonLen=1397
12:30:53.993 [GameInput] loadModule: id=2 jsonLen=1397
[GameInput] loadModule OK: id=2 alpha=18 states=19 names=12
12:30:53.993 [V8Runtime] GameInput module loaded: 2
12:30:53.998 [LogBatch] onLoad=[type Function]&messages=[InputCommandSetXMLLoader] [INFO] 加载成功，耗时: 49ms|[InputCommandSetXMLLoader] [DEBUG] 解析 CommandSet: heavyWeapon (重武器)|[InputCommandSetXMLLoader] [DEBUG]   命令: 飞沙走石 = ↘A|[InputCommandSetXMLLoader] [DEBUG]   命令: 贯穿突刺 = →→|[InputCommandSetXMLLoader] [DEBUG]   命令: 蓄力重劈 = Shift+↓A|[InputCommandSetXMLLoader] [DEBUG]   命令: 百万突刺 = Shift+→A|[InputCommandSetXMLLoader] [DEBUG]   命令: 幻影剑舞 = Shift+→C|[InputCommandSetXMLLoader] [DEBUG]   命令: 全垒打 = ↑A|[InputCommandSetXMLLoader] [DEBUG]   命令: 追地祀 = ↓C|[InputCommandSetXMLLoader] [DEBUG]   命令: 粉碎切割 = ↑C|[InputCommandSetXMLLoader] [DEBUG]   命令: 空坠强袭 = ↙A|[InputCommandSetXMLLoader] [DEBUG]   命令: 十六夜月华 = ↖A|[InputCommandSetXMLLoader] [DEBUG]   命令: 见切 = Shift+←|[InputCommandSetXMLLoader] [INFO] 解析完成: 11 个命令|[InputCommandListXMLLoader] [INFO] 所有 CommandSet 加载完成|[搓招] 模组构建完成 → Launcher 同步OK&frame=6
12:30:55.474 [Activation] gained gapMs=1734
12:30:56.557 [Bootstrap] JS→C#: {"cmd":"start_game","slot":"crazyflasher7_saves2","requireFlashReveal":true,"type":"bootstrap"}
12:30:56.567 [SolFileLocator] hit swf_drop_drive: C:\Users\iuo\AppData\Roaming\Macromedia\Flash Player\#SharedObjects\L5HT6R75\localhost/Program Files (x86)/Steam/steamapps/common/CRAZYFLASHER7StandAloneStarter/resources/CRAZYFLASHER7MercenaryEmpire.swf\crazyflasher7_saves2.sol
12:30:56.661 [ArchiveTask] seed shadow saved: slot=crazyflasher7_saves2 path=C:\Program Files (x86)\Steam\steamapps\common\CRAZYFLASHER7StandAloneStarter\resources\saves\crazyflasher7_saves2.json
12:30:56.661 [SolResolver] snapshot source=sol slot=crazyflasher7_saves2 seedAuthority=True target=C:\Program Files (x86)\Steam\steamapps\common\CRAZYFLASHER7StandAloneStarter\resources\saves\crazyflasher7_saves2.json
12:30:56.663 [LaunchFlow] save resolved: wire=snapshot kind=Snapshot source=sol
12:30:56.667 [Prewarm] normal_flush held_ms=2844
12:30:56.667 [LaunchFlow] PrewarmHandshakeHeld -> Embedding
12:30:56.668 [Prewarm] handshake_send path=normal_flush
12:30:56.669 [WindowManager] Flash window found (reveal path): 0x114D8
12:30:56.784 [XmlSocket:JSON] {"payload":{"attemptId":"fadca7e7ac794fb29a5722a6ec13f609"},"task":"bootstrap_ready"}
12:30:56.791 [WindowManager] Flash window embedded (path=reveal)
12:30:56.792 [LaunchFlow] OnEmbedResult=True
12:30:56.792 [LaunchFlow] Embedding -> WaitingGameReady
12:30:56.792 [LaunchFlow] WaitingGameReady -> Ready
12:30:56.927 [LogBatch] onLoad=[type Function]&messages=[Bootstrap] handshake OK savePath=crazyflasher7_saves2 attemptId=fadca7e7ac794fb29a5722a6ec13f609 protocol=2 decision=snapshot&frame=90
12:30:56.940 [LogBatch] onLoad=[type Function]&messages=[BootstrapAS] handshake hs=Success|[BootstrapAS] firing preload|[SaveManager.preload] savePath=crazyflasher7_saves2|[SaveManager.preload] launcher decision=snapshot source=sol|[BootstrapAS] sending ready ack|[Bootstrap] sent bootstrap_ready attemptId=fadca7e7ac794fb29a5722a6ec13f609 ok=true|[BootstrapAS] bootstrap complete, jumping boot_check&frame=91
12:30:57.702 [Activation] lost fg=0x10572 pid=36496 class=Chrome_WidgetWin_1 title="GitHub Desktop"
12:30:58.767 [XmlSocket:JSON] {"payload":"任务数据加载完毕","task":"toast"}
12:30:58.968 [Audio] SFX preload: 673 loaded, 0 failed, 3 overridden (scanned 3 packs)
12:31:03.042 [XmlSocket:JSON] {"payload":"任务文本加载完毕","task":"toast"}
12:31:05.256 [XmlSocket:JSON] {"payload":{"state":"normal","dragging":false},"task":"cursor_control"}
12:31:05.646 [XmlSocket:JSON] {"callId":1,"payload":{"dataType":"map_catalog"},"task":"data_query"}
12:31:05.658 [XmlDataLoader] map_catalog loaded: 9 groups + 40 hotspots
12:31:05.715 [LogBatch] onLoad=[type Function]&messages=[ShopWV] loaded, gameCommands=object server=object shopJson=object|[联弹配置] 模板派生完成：弹壳 +54，属性 +72|MovementSystem: 移动数据加载成功|BulletsCasesLoader：bullets_cases.xml 加载成功！|MissileConfig: 配置加载成功。|导弹配置加载成功|色彩预设表已成功加载并配置。&frame=143
12:31:05.761 [XmlSocket:JSON] {"payload":"主角称号配置加载完毕","task":"toast"}
12:31:05.778 [XmlSocket:JSON] {"payload":"材料数据加载完毕","task":"toast"}
12:31:05.843 [XmlSocket:JSON] {"payload":"情报数据加载完毕","task":"toast"}
12:31:06.176 [XmlSocket:JSON] {"callId":2,"payload":{"dataType":"task_npc_registry"},"task":"data_query"}
12:31:06.202 [XmlDataLoader] task_npc_registry loaded: 56 npcs + 1 aliases
12:31:06.649 [XmlSocket:JSON] {"payload":"地图配置加载完毕","task":"toast"}
12:31:06.804 [LaunchFlow] Flash reveal watchdog fired after 10000ms, force-revealing (SWF 可能未部署 sendRevealReady)
12:31:06.804 [LaunchFlow] performing reveal (panel swap)
12:31:06.814 [DesktopCursor] SetReady
12:31:06.814 [RevealProbe] setready.web 8.7ms
12:31:06.814 [RevealProbe] setready.input_shield 0.2ms
12:31:06.814 [RevealProbe] setready.hitnum 0.2ms
12:31:06.816 [RevealProbe] setready.native_hud 1.7ms
12:31:06.843 [RevealProbe] show_tray 26.8ms
12:31:06.843 [RevealProbe] readyWiring.total 37.9ms
12:31:06.843 [RevealProbe] ready_wiring 38.4ms
12:31:06.856 [Bootstrap] WebView2 suspend failed: CoreWebView2 members cannot be accessed after the WebView2 control is disposed.
12:31:06.857 [RevealProbe] panel_swap.bootstrap_hide 13.1ms
12:31:08.205 [RevealProbe] panel_swap.flash_show 1348.5ms
12:31:08.320 [Activation] gained gapMs=10609
12:31:08.337 [RevealProbe] panel_swap.activate 132.4ms
12:31:08.338 [RevealProbe] panel_swap.total 1494.2ms
12:31:08.339 [RevealProbe] release_bgm 1.4ms
12:31:08.339 [RevealProbe] hotkey_guard 0.0ms
12:31:08.339 [RevealProbe] DoPerformReveal.total 1534.3ms
12:31:08.348 [Panel] EX_STYLE idle-full new=0x80900A0
12:31:08.871 [Activation] lost fg=0x10572 pid=36496 class=Chrome_WidgetWin_1 title="GitHub Desktop"
12:31:08.890 [XmlSocket:JSON] {"payload":"敌人属性数据加载完毕","task":"toast"}
12:31:09.132 [LogBatch] onLoad=[type Function]&messages=[BootstrapAS] 合成表数据加载完毕&frame=148
12:31:09.139 [XmlSocket:JSON] {"payload":"关卡信息加载完毕","task":"toast"}
12:31:09.255 [UIFreezeProbe] ui_stale_enter age=2562ms fg=0x41A09AE
12:31:09.255 [UIFreezeProbe] ui_thread_stale age=2562ms fg=0x41A09AE
12:31:09.374 [LogBatch] onLoad=[type Function]&messages=[BootstrapAS] event=handoff&frame=150
